<?xml version="1.0" encoding="UTF-8"?>
<!-- Generated by org.testng.reporters.JUnitReportReporter -->
<testsuite hostname="AustralasiaIT" name="com.zoo.cli.NewTest" tests="1" failures="0" timestamp="7 Jan 2016 04:42:35 GMT" time="5.737" errors="0">
  <testcase name="contactPageTest" time="5.737" classname="com.zoo.cli.NewTest"/>
</testsuite> <!-- com.zoo.cli.NewTest -->
