<?xml version="1.0" encoding="UTF-8"?>
<!-- Generated by org.testng.reporters.JUnitReportReporter -->
<testsuite hostname="AustralasiaIT" name="com.zoo.cli.BlankSeleniumTest" tests="1" failures="0" timestamp="5 Jan 2016 04:53:01 GMT" time="1.926" errors="0">
  <testcase name="ActualBlankSeleniumTest" time="1.926" classname="com.zoo.cli.BlankSeleniumTest"/>
</testsuite> <!-- com.zoo.cli.BlankSeleniumTest -->
