<?xml version="1.0" encoding="UTF-8"?>
<!-- Generated by org.testng.reporters.JUnitReportReporter -->
<testsuite hostname="AustralasiaIT" name="com.zoo.cli.BlankSeleniumTest" tests="1" failures="0" timestamp="8 Jan 2016 02:34:52 GMT" time="1.809" errors="0">
  <testcase name="ActualBlankSeleniumTest" time="1.809" classname="com.zoo.cli.BlankSeleniumTest"/>
</testsuite> <!-- com.zoo.cli.BlankSeleniumTest -->
